<?xml version="1.0" encoding="UTF-8"?>
<!-- Generated by org.testng.reporters.JUnitReportReporter -->
<testsuite skipped="0" hostname="ajenifer" name="com.training.regression.tests.RegisterInvalidExcelTest" tests="1" failures="0" timestamp="27 Jun 2019 05:26:20 GMT" time="37.987" errors="0">
  <testcase name="RegisterTest" time="37.987" classname="com.training.regression.tests.RegisterInvalidExcelTest"/>
</testsuite> <!-- com.training.regression.tests.RegisterInvalidExcelTest -->
